


ARM Macro Assembler    Page 1 


    1 00000000         ;******************** (C) COPYRIGHT 2011 STMicroelectron
                       ics ********************
    2 00000000         ;* File Name          : startup_stm32f10x_hd.s
    3 00000000         ;* Author             : MCD Application Team
    4 00000000         ;* Version            : V3.5.0
    5 00000000         ;* Date               : 11-March-2011
    6 00000000         ;* Description        : STM32F10x High Density Devices v
                       ector table for MDK-ARM 
    7 00000000         ;*                      toolchain. 
    8 00000000         ;*                      This module performs:
    9 00000000         ;*                      - Set the initial SP
   10 00000000         ;*                      - Set the initial PC == Reset_Ha
                       ndler
   11 00000000         ;*                      - Set the vector table entries w
                       ith the exceptions ISR address
   12 00000000         ;*                      - Configure the clock system and
                        also configure the external 
   13 00000000         ;*                        SRAM mounted on STM3210E-EVAL 
                       board to be used as data 
   14 00000000         ;*                        memory (optional, to be enable
                       d by user)
   15 00000000         ;*                      - Branches to __main in the C li
                       brary (which eventually
   16 00000000         ;*                        calls main()).
   17 00000000         ;*                      After Reset the CortexM3 process
                       or is in Thread mode,
   18 00000000         ;*                      priority is Privileged, and the 
                       Stack is set to Main.
   19 00000000         ;* <<< Use Configuration Wizard in Context Menu >>>   
   20 00000000         ;*******************************************************
                       ************************
   21 00000000         ; THE PRESENT FIRMWARE WHICH IS FOR GUIDANCE ONLY AIMS A
                       T PROVIDING CUSTOMERS
   22 00000000         ; WITH CODING INFORMATION REGARDING THEIR PRODUCTS IN OR
                       DER FOR THEM TO SAVE TIME.
   23 00000000         ; AS A RESULT, STMICROELECTRONICS SHALL NOT BE HELD LIAB
                       LE FOR ANY DIRECT,
   24 00000000         ; INDIRECT OR CONSEQUENTIAL DAMAGES WITH RESPECT TO ANY 
                       CLAIMS ARISING FROM THE
   25 00000000         ; CONTENT OF SUCH FIRMWARE AND/OR THE USE MADE BY CUSTOM
                       ERS OF THE CODING
   26 00000000         ; INFORMATION CONTAINED HEREIN IN CONNECTION WITH THEIR 
                       PRODUCTS.
   27 00000000         ;*******************************************************
                       ************************
   28 00000000         
   29 00000000         ; Amount of memory (in bytes) allocated for Stack
   30 00000000         ; Tailor this value to your application needs
   31 00000000         ; <h> Stack Configuration
   32 00000000         ;   <o> Stack Size (in Bytes) <0x0-0xFFFFFFFF:8>
   33 00000000         ; </h>
   34 00000000         
   35 00000000 00000400 
                       Stack_Size
                               EQU              0x00000400
   36 00000000         
   37 00000000                 AREA             STACK, NOINIT, READWRITE, ALIGN
=3
   38 00000000         Stack_Mem



ARM Macro Assembler    Page 2 


                               SPACE            Stack_Size
   39 00000400         __initial_sp
   40 00000400         
   41 00000400         ; <h> Heap Configuration
   42 00000400         ;   <o>  Heap Size (in Bytes) <0x0-0xFFFFFFFF:8>
   43 00000400         ; </h>
   44 00000400         
   45 00000400 00000200 
                       Heap_Size
                               EQU              0x00000200
   46 00000400         
   47 00000400                 AREA             HEAP, NOINIT, READWRITE, ALIGN=
3
   48 00000000         __heap_base
   49 00000000         Heap_Mem
                               SPACE            Heap_Size
   50 00000200         __heap_limit
   51 00000200         
   52 00000200                 PRESERVE8
   53 00000200                 THUMB
   54 00000200         
   55 00000200         
   56 00000200         ; Vector Table Mapped to Address 0 at Reset
   57 00000200                 AREA             RESET, DATA, READONLY
   58 00000000                 EXPORT           __Vectors
   59 00000000                 EXPORT           __Vectors_End
   60 00000000                 EXPORT           __Vectors_Size
   61 00000000         
   62 00000000         ;//定义数组
   63 00000000         ;var  db 100 dup(0)
   64 00000000         ;var  DB 100 dup(0)
   65 00000000         ;Str DCB "This is a test!"
   66 00000000 00 00 00 
              00 00 00 
              00 00 00 
              00 00 00 
              00 00 00 
              00 00 00 
              00 00 00 
              00 00 00 
              00 00 00 
              00 00 00 
              00 00 00 
              00 00 00 
              00 00 00 
              00 00 00 
              00 00 00 
              00 00 00 
              00 00 00 
              00 00 00 
              00 00 00 
              00 00 00 
              00 00 00 
              00 00 00 
              00 00 00 
              00 00 00 
              00 00 00 
              00 00 00 
              00 00 00 



ARM Macro Assembler    Page 3 


              00 00 00 
              00 00 00 
              00 00 00 
              00 00 00 
              00 00 00 
              00 00 00 
              00 00 00 
              00 00 00 
              00 00 00 
              00 00 00 
              00 00 00 
              00 00 00 
              00 00 00 
              00 00 00 
              00 00 00 
              00 00 00 
              00 00 00 
              00 00 00 
              00 00 00 
              00 00 00 
              00 00 00 
              00 00 00 
              00 00 00 
              00 00 00 
              00 00 00 
              00 00 00 
              00 00 00 
              00 00 00 
              00 00 00 
              00 00 00 
              00 00 00 
              00 00 00 
              00 00 00 
              00 00 00 
              00 00 00 
              00 00 00 
              00 00 00 
              00 00 00 
              00 00 00 
              00 00 00 
              00 00 00 
              00 00 00 
              00 00 00 
              00 00 00 
              00 00 00 
              00 00 00 
              00 00 00 
              00 00 00 
              00 00 00 
              00 00 00 
              00 00 00 
              00 00 00 
              00 00 00 
              00 00 00 
              00 00 00 
              00 00 00 
              00 00 00 
              00 00 00 
              00 00 00 



ARM Macro Assembler    Page 4 


              00 00 00 
              00 00 00 
              00 00 00 
              00 00 00 
              00 00 00 
              00 00 00 
              00 00 00 
              00 00 00 
              00 00 00 
              00 00 00 
              00 00 00 
              00 00 00 
              00 00 00 
              00 00 00 
              00 00 00 
              00 00 00 
              00 00 00 
              00 00 00 
              00 00 00 
              00 00 00 
              00 00 00 
              00 00 00 
              00 00 00 
              00 00 00 
              00 00 00 
              00 00 00 
              00 00 00 
              00 00 00 
              00 00 00 
              00 00 00 
              00 00 00 
              00 00 00 
              00 00 00 
              00 00 00 
              00 00 00 
              00 00 00 
              00 00 00 
              00 00 00 
              00 00 00 
              00 00 00 
              00 00 00 
              00 00 00 
              00 00 00 
              00 00 00 
              00 00 00 
              00 00 00 
              00 00 00 
              00 00 00 
              00 00 00 
              00 00 00 
              00 00 00 
              00 00 00 
              00 00 00 
              00 00 00 
              00 00 00 
              00 00 00 
              00 00 00 
              00 00 00 
              00 00 00 



ARM Macro Assembler    Page 5 


              00 00 00 
              00 00 00 
              00 00 00 
              00 00 00 
              00 00 00 
              00 00 00 
              00 00 00 
              00 00 00 
              00 00 00 
              00 00 00 
              00 00 00 
              00 00 00 
              00 00 00 
              00 00 00 
              00 00 00 
              00 00 00 
              00 00 00 
              00 00 00 
              00 00 00 
              00 00 00 
              00 00 00 
              00 00 00 
              00 00 00 
              00 00 00 
              00 00 00 
              00 00 00 
              00 00 00 
              00 00 00 
              00 00 00 
              00 00 00 
              00 00 00 
              00 00 00 
              00 00 00 
              00 00 00 
              00 00 00 
              00 00 00 
              00 00 00 
              00 00 00 
              00 00 00 
              00 00 00 
              00 00 00 
              00 00 00 
              00 00 00 
              00 00 00 
              00 00 00 
              00 00 00 
              00 00 00 
              00 00 00 
              00 00 00 
              00 00 00 
              00 00 00 
              00 00 00 
              00 00 00 
              00 00 00 
              00 00 00 
              00 00 00 
              00 00 00 
              00 00 00 
              00 00 00 



ARM Macro Assembler    Page 6 


              00 00 00 
              00 00 00 
              00 00 00 
              00 00 00 
              00 00 00 
              00 00 00 
              00 00 00 
              00 00 00 
              00 00 00 
              00 00 00 
              00 00 00 
              00 00 00 
              00 00 00 
              00 00 00 
              00 00 00 
              00 00 00 
              00 00 00 
              00 00 00 
              00 00 00 
              00 00 00 
              00 00 00 
              00 00 00 
              00 00 00 
              00 00 00 
              00 00 00 
              00 00 00 
              00 00 00 
              00 00 00 
              00 00 00 
              00 00 00 
              00 00 00 
              00 00 00 
              00 00 00 
              00 00 00 
              00 00 00 
              00 00 00 
              00 00 00 
              00 00 00 
              00 00 00 
              00 00 00 
              00 00 00 
              00 00 00 
              00 00 00 
              00 00 00 
              00 00 00 
              00 00 00 
              00 00 00 
              00 00 00 
              00 00 00 
              00 00 00 
              00 00 00 
              00 00 00 
              00 00 00 
              00 00 00 
              00 00 00 
              00 00 00 
              00 00 00 
              00 00 00 
              00 00 00 



ARM Macro Assembler    Page 7 


              00 00 00 
              00 00 00 
              00 00 00 
              00 00 00 
              00 00 00 
              00 00 00 
              00 00 00 
              00 00 00 
              00 00 00 
              00 00 00 
              00 00 00 
              00 00 00 
              00 00 00 
              00 00 00 
              00 00 00 
              00 00 00 
              00 00 00 
              00 00 00 
              00 00 00 
              00 00 00 
              00 00 00 
              00 00 00 
              00 00 00 
              00 00 00 
              00 00 00 
              00 00 00 
              00 00 00 
              00 00 00 
              00 00 00 
              00 00 00 
              00 00 00 
              00 00 00 
              00 00 00 
              00 00 00 
              00 00 00 
              00 00 00 
              00 00 00 
              00 00 00 
              00 00 00 
              00 00 00 
              00 00 00 
              00 00 00 
              00 00 00 
              00 00 00 
              00 00 00 
              00 00 00 
              00 00 00 
              00 00 00 
              00 00 00 
              00 00 00 
              00 00 00 
              00 00 00 
              00 00 00 
              00 00 00 
              00 00 00 
              00 00 00 
              00 00 00 
              00 00 00 
              00 00 00 



ARM Macro Assembler    Page 8 


              00 00 00 
              00 00 00 
              00 00 00 
              00 00 00 
              00 00 00 
              00 00 00 
              00 00 00 
              00 00 00 
              00 00 00 
              00 00 00 
              00 00 00 
              00 00 00 
              00 00 00 
              00 00 00 
              00 00 00 
              00 00 00 
              00 00 00 
              00 00 00 
              00 00 00 
              00       DataSpace
                               SPACE            0x400
   67 00000400         ;DataSpace SPACE 0x800
   68 00000400         
   69 00000400 00000000 
                       __Vectors
                               DCD              __initial_sp ; Top of Stack
   70 00000404 00000000        DCD              Reset_Handler ; Reset Handler
   71 00000408 00000000        DCD              NMI_Handler ; NMI Handler
   72 0000040C 00000000        DCD              HardFault_Handler ; Hard Fault 
                                                            Handler
   73 00000410 00000000        DCD              MemManage_Handler 
                                                            ; MPU Fault Handler
                                                            
   74 00000414 00000000        DCD              BusFault_Handler 
                                                            ; Bus Fault Handler
                                                            
   75 00000418 00000000        DCD              UsageFault_Handler ; Usage Faul
                                                            t Handler
   76 0000041C 00000000        DCD              0           ; Reserved
   77 00000420 00000000        DCD              0           ; Reserved
   78 00000424 00000000        DCD              0           ; Reserved
   79 00000428 00000000        DCD              0           ; Reserved
   80 0000042C 00000000        DCD              SVC_Handler ; SVCall Handler
   81 00000430 00000000        DCD              DebugMon_Handler ; Debug Monito
                                                            r Handler
   82 00000434 00000000        DCD              0           ; Reserved
   83 00000438 00000000        DCD              PendSV_Handler ; PendSV Handler
                                                            
   84 0000043C 00000000        DCD              SysTick_Handler 
                                                            ; SysTick Handler
   85 00000440         
   86 00000440         ; External Interrupts
   87 00000440 00000000        DCD              WWDG_IRQHandler 
                                                            ; Window Watchdog
   88 00000444 00000000        DCD              PVD_IRQHandler ; PVD through EX
                                                            TI Line detect
   89 00000448 00000000        DCD              TAMPER_IRQHandler ; Tamper
   90 0000044C 00000000        DCD              RTC_IRQHandler ; RTC
   91 00000450 00000000        DCD              FLASH_IRQHandler ; Flash



ARM Macro Assembler    Page 9 


   92 00000454 00000000        DCD              RCC_IRQHandler ; RCC
   93 00000458 00000000        DCD              EXTI0_IRQHandler ; EXTI Line 0
   94 0000045C 00000000        DCD              EXTI1_IRQHandler ; EXTI Line 1
   95 00000460 00000000        DCD              EXTI2_IRQHandler ; EXTI Line 2
   96 00000464 00000000        DCD              EXTI3_IRQHandler ; EXTI Line 3
   97 00000468 00000000        DCD              EXTI4_IRQHandler ; EXTI Line 4
   98 0000046C 00000000        DCD              DMA1_Channel1_IRQHandler 
                                                            ; DMA1 Channel 1
   99 00000470 00000000        DCD              DMA1_Channel2_IRQHandler 
                                                            ; DMA1 Channel 2
  100 00000474 00000000        DCD              DMA1_Channel3_IRQHandler 
                                                            ; DMA1 Channel 3
  101 00000478 00000000        DCD              DMA1_Channel4_IRQHandler 
                                                            ; DMA1 Channel 4
  102 0000047C 00000000        DCD              DMA1_Channel5_IRQHandler 
                                                            ; DMA1 Channel 5
  103 00000480 00000000        DCD              DMA1_Channel6_IRQHandler 
                                                            ; DMA1 Channel 6
  104 00000484 00000000        DCD              DMA1_Channel7_IRQHandler 
                                                            ; DMA1 Channel 7
  105 00000488 00000000        DCD              ADC1_2_IRQHandler ; ADC1 & ADC2
                                                            
  106 0000048C 00000000        DCD              USB_HP_CAN1_TX_IRQHandler ; USB
                                                             High Priority or C
                                                            AN1 TX
  107 00000490 00000000        DCD              USB_LP_CAN1_RX0_IRQHandler ; US
                                                            B Low  Priority or 
                                                            CAN1 RX0
  108 00000494 00000000        DCD              CAN1_RX1_IRQHandler ; CAN1 RX1
  109 00000498 00000000        DCD              CAN1_SCE_IRQHandler ; CAN1 SCE
  110 0000049C 00000000        DCD              EXTI9_5_IRQHandler 
                                                            ; EXTI Line 9..5
  111 000004A0 00000000        DCD              TIM1_BRK_IRQHandler 
                                                            ; TIM1 Break
  112 000004A4 00000000        DCD              TIM1_UP_IRQHandler 
                                                            ; TIM1 Update
  113 000004A8 00000000        DCD              TIM1_TRG_COM_IRQHandler ; TIM1 
                                                            Trigger and Commuta
                                                            tion
  114 000004AC 00000000        DCD              TIM1_CC_IRQHandler ; TIM1 Captu
                                                            re Compare
  115 000004B0 00000000        DCD              TIM2_IRQHandler ; TIM2
  116 000004B4 00000000        DCD              TIM3_IRQHandler ; TIM3
  117 000004B8 00000000        DCD              TIM4_IRQHandler ; TIM4
  118 000004BC 00000000        DCD              I2C1_EV_IRQHandler ; I2C1 Event
                                                            
  119 000004C0 00000000        DCD              I2C1_ER_IRQHandler ; I2C1 Error
                                                            
  120 000004C4 00000000        DCD              I2C2_EV_IRQHandler ; I2C2 Event
                                                            
  121 000004C8 00000000        DCD              I2C2_ER_IRQHandler ; I2C2 Error
                                                            
  122 000004CC 00000000        DCD              SPI1_IRQHandler ; SPI1
  123 000004D0 00000000        DCD              SPI2_IRQHandler ; SPI2
  124 000004D4 00000000        DCD              USART1_IRQHandler ; USART1
  125 000004D8 00000000        DCD              USART2_IRQHandler ; USART2
  126 000004DC 00000000        DCD              USART3_IRQHandler ; USART3
  127 000004E0 00000000        DCD              EXTI15_10_IRQHandler 
                                                            ; EXTI Line 15..10



ARM Macro Assembler    Page 10 


  128 000004E4 00000000        DCD              RTCAlarm_IRQHandler ; RTC Alarm
                                                             through EXTI Line
  129 000004E8 00000000        DCD              USBWakeUp_IRQHandler ; USB Wake
                                                            up from suspend
  130 000004EC 00000000        DCD              TIM8_BRK_IRQHandler 
                                                            ; TIM8 Break
  131 000004F0 00000000        DCD              TIM8_UP_IRQHandler 
                                                            ; TIM8 Update
  132 000004F4 00000000        DCD              TIM8_TRG_COM_IRQHandler ; TIM8 
                                                            Trigger and Commuta
                                                            tion
  133 000004F8 00000000        DCD              TIM8_CC_IRQHandler ; TIM8 Captu
                                                            re Compare
  134 000004FC 00000000        DCD              ADC3_IRQHandler ; ADC3
  135 00000500 00000000        DCD              FSMC_IRQHandler ; FSMC
  136 00000504 00000000        DCD              SDIO_IRQHandler ; SDIO
  137 00000508 00000000        DCD              TIM5_IRQHandler ; TIM5
  138 0000050C 00000000        DCD              SPI3_IRQHandler ; SPI3
  139 00000510 00000000        DCD              UART4_IRQHandler ; UART4
  140 00000514 00000000        DCD              UART5_IRQHandler ; UART5
  141 00000518 00000000        DCD              TIM6_IRQHandler ; TIM6
  142 0000051C 00000000        DCD              TIM7_IRQHandler ; TIM7
  143 00000520 00000000        DCD              DMA2_Channel1_IRQHandler 
                                                            ; DMA2 Channel1
  144 00000524 00000000        DCD              DMA2_Channel2_IRQHandler 
                                                            ; DMA2 Channel2
  145 00000528 00000000        DCD              DMA2_Channel3_IRQHandler 
                                                            ; DMA2 Channel3
  146 0000052C 00000000        DCD              DMA2_Channel4_5_IRQHandler ; DM
                                                            A2 Channel4 & Chann
                                                            el5
  147 00000530         __Vectors_End
  148 00000530         
  149 00000530 00000130 
                       __Vectors_Size
                               EQU              __Vectors_End - __Vectors
  150 00000530         
  151 00000530                 AREA             |.text|, CODE, READONLY
  152 00000000         
  153 00000000         ; Reset handler
  154 00000000         Reset_Handler
                               PROC
  155 00000000                 EXPORT           Reset_Handler             [WEAK
]
  156 00000000                 IMPORT           __main
  157 00000000                 IMPORT           SystemInit
  158 00000000 4809            LDR              R0, =SystemInit
  159 00000002 4780            BLX              R0
  160 00000004 4809            LDR              R0, =__main
  161 00000006 4700            BX               R0
  162 00000008                 ENDP
  163 00000008         
  164 00000008         ; Dummy Exception Handlers (infinite loops which can be 
                       modified)
  165 00000008         
  166 00000008         NMI_Handler
                               PROC
  167 00000008                 EXPORT           NMI_Handler                [WEA
K]



ARM Macro Assembler    Page 11 


  168 00000008 E7FE            B                .
  169 0000000A                 ENDP
  171 0000000A         HardFault_Handler
                               PROC
  172 0000000A                 EXPORT           HardFault_Handler          [WEA
K]
  173 0000000A E7FE            B                .
  174 0000000C                 ENDP
  176 0000000C         MemManage_Handler
                               PROC
  177 0000000C                 EXPORT           MemManage_Handler          [WEA
K]
  178 0000000C E7FE            B                .
  179 0000000E                 ENDP
  181 0000000E         BusFault_Handler
                               PROC
  182 0000000E                 EXPORT           BusFault_Handler           [WEA
K]
  183 0000000E E7FE            B                .
  184 00000010                 ENDP
  186 00000010         UsageFault_Handler
                               PROC
  187 00000010                 EXPORT           UsageFault_Handler         [WEA
K]
  188 00000010 E7FE            B                .
  189 00000012                 ENDP
  190 00000012         SVC_Handler
                               PROC
  191 00000012                 EXPORT           SVC_Handler                [WEA
K]
  192 00000012 E7FE            B                .
  193 00000014                 ENDP
  195 00000014         DebugMon_Handler
                               PROC
  196 00000014                 EXPORT           DebugMon_Handler           [WEA
K]
  197 00000014 E7FE            B                .
  198 00000016                 ENDP
  199 00000016         PendSV_Handler
                               PROC
  200 00000016                 EXPORT           PendSV_Handler             [WEA
K]
  201 00000016 E7FE            B                .
  202 00000018                 ENDP
  203 00000018         SysTick_Handler
                               PROC
  204 00000018                 EXPORT           SysTick_Handler            [WEA
K]
  205 00000018 E7FE            B                .
  206 0000001A                 ENDP
  207 0000001A         
  208 0000001A         Default_Handler
                               PROC
  209 0000001A         
  210 0000001A                 EXPORT           WWDG_IRQHandler            [WEA
K]
  211 0000001A                 EXPORT           PVD_IRQHandler             [WEA
K]
  212 0000001A                 EXPORT           TAMPER_IRQHandler          [WEA



ARM Macro Assembler    Page 12 


K]
  213 0000001A                 EXPORT           RTC_IRQHandler             [WEA
K]
  214 0000001A                 EXPORT           FLASH_IRQHandler           [WEA
K]
  215 0000001A                 EXPORT           RCC_IRQHandler             [WEA
K]
  216 0000001A                 EXPORT           EXTI0_IRQHandler           [WEA
K]
  217 0000001A                 EXPORT           EXTI1_IRQHandler           [WEA
K]
  218 0000001A                 EXPORT           EXTI2_IRQHandler           [WEA
K]
  219 0000001A                 EXPORT           EXTI3_IRQHandler           [WEA
K]
  220 0000001A                 EXPORT           EXTI4_IRQHandler           [WEA
K]
  221 0000001A                 EXPORT           DMA1_Channel1_IRQHandler   [WEA
K]
  222 0000001A                 EXPORT           DMA1_Channel2_IRQHandler   [WEA
K]
  223 0000001A                 EXPORT           DMA1_Channel3_IRQHandler   [WEA
K]
  224 0000001A                 EXPORT           DMA1_Channel4_IRQHandler   [WEA
K]
  225 0000001A                 EXPORT           DMA1_Channel5_IRQHandler   [WEA
K]
  226 0000001A                 EXPORT           DMA1_Channel6_IRQHandler   [WEA
K]
  227 0000001A                 EXPORT           DMA1_Channel7_IRQHandler   [WEA
K]
  228 0000001A                 EXPORT           ADC1_2_IRQHandler          [WEA
K]
  229 0000001A                 EXPORT           USB_HP_CAN1_TX_IRQHandler  [WEA
K]
  230 0000001A                 EXPORT           USB_LP_CAN1_RX0_IRQHandler [WEA
K]
  231 0000001A                 EXPORT           CAN1_RX1_IRQHandler        [WEA
K]
  232 0000001A                 EXPORT           CAN1_SCE_IRQHandler        [WEA
K]
  233 0000001A                 EXPORT           EXTI9_5_IRQHandler         [WEA
K]
  234 0000001A                 EXPORT           TIM1_BRK_IRQHandler        [WEA
K]
  235 0000001A                 EXPORT           TIM1_UP_IRQHandler         [WEA
K]
  236 0000001A                 EXPORT           TIM1_TRG_COM_IRQHandler    [WEA
K]
  237 0000001A                 EXPORT           TIM1_CC_IRQHandler         [WEA
K]
  238 0000001A                 EXPORT           TIM2_IRQHandler            [WEA
K]
  239 0000001A                 EXPORT           TIM3_IRQHandler            [WEA
K]
  240 0000001A                 EXPORT           TIM4_IRQHandler            [WEA
K]
  241 0000001A                 EXPORT           I2C1_EV_IRQHandler         [WEA
K]



ARM Macro Assembler    Page 13 


  242 0000001A                 EXPORT           I2C1_ER_IRQHandler         [WEA
K]
  243 0000001A                 EXPORT           I2C2_EV_IRQHandler         [WEA
K]
  244 0000001A                 EXPORT           I2C2_ER_IRQHandler         [WEA
K]
  245 0000001A                 EXPORT           SPI1_IRQHandler            [WEA
K]
  246 0000001A                 EXPORT           SPI2_IRQHandler            [WEA
K]
  247 0000001A                 EXPORT           USART1_IRQHandler          [WEA
K]
  248 0000001A                 EXPORT           USART2_IRQHandler          [WEA
K]
  249 0000001A                 EXPORT           USART3_IRQHandler          [WEA
K]
  250 0000001A                 EXPORT           EXTI15_10_IRQHandler       [WEA
K]
  251 0000001A                 EXPORT           RTCAlarm_IRQHandler        [WEA
K]
  252 0000001A                 EXPORT           USBWakeUp_IRQHandler       [WEA
K]
  253 0000001A                 EXPORT           TIM8_BRK_IRQHandler        [WEA
K]
  254 0000001A                 EXPORT           TIM8_UP_IRQHandler         [WEA
K]
  255 0000001A                 EXPORT           TIM8_TRG_COM_IRQHandler    [WEA
K]
  256 0000001A                 EXPORT           TIM8_CC_IRQHandler         [WEA
K]
  257 0000001A                 EXPORT           ADC3_IRQHandler            [WEA
K]
  258 0000001A                 EXPORT           FSMC_IRQHandler            [WEA
K]
  259 0000001A                 EXPORT           SDIO_IRQHandler            [WEA
K]
  260 0000001A                 EXPORT           TIM5_IRQHandler            [WEA
K]
  261 0000001A                 EXPORT           SPI3_IRQHandler            [WEA
K]
  262 0000001A                 EXPORT           UART4_IRQHandler           [WEA
K]
  263 0000001A                 EXPORT           UART5_IRQHandler           [WEA
K]
  264 0000001A                 EXPORT           TIM6_IRQHandler            [WEA
K]
  265 0000001A                 EXPORT           TIM7_IRQHandler            [WEA
K]
  266 0000001A                 EXPORT           DMA2_Channel1_IRQHandler   [WEA
K]
  267 0000001A                 EXPORT           DMA2_Channel2_IRQHandler   [WEA
K]
  268 0000001A                 EXPORT           DMA2_Channel3_IRQHandler   [WEA
K]
  269 0000001A                 EXPORT           DMA2_Channel4_5_IRQHandler [WEA
K]
  270 0000001A         
  271 0000001A         WWDG_IRQHandler
  272 0000001A         PVD_IRQHandler



ARM Macro Assembler    Page 14 


  273 0000001A         TAMPER_IRQHandler
  274 0000001A         RTC_IRQHandler
  275 0000001A         FLASH_IRQHandler
  276 0000001A         RCC_IRQHandler
  277 0000001A         EXTI0_IRQHandler
  278 0000001A         EXTI1_IRQHandler
  279 0000001A         EXTI2_IRQHandler
  280 0000001A         EXTI3_IRQHandler
  281 0000001A         EXTI4_IRQHandler
  282 0000001A         DMA1_Channel1_IRQHandler
  283 0000001A         DMA1_Channel2_IRQHandler
  284 0000001A         DMA1_Channel3_IRQHandler
  285 0000001A         DMA1_Channel4_IRQHandler
  286 0000001A         DMA1_Channel5_IRQHandler
  287 0000001A         DMA1_Channel6_IRQHandler
  288 0000001A         DMA1_Channel7_IRQHandler
  289 0000001A         ADC1_2_IRQHandler
  290 0000001A         USB_HP_CAN1_TX_IRQHandler
  291 0000001A         USB_LP_CAN1_RX0_IRQHandler
  292 0000001A         CAN1_RX1_IRQHandler
  293 0000001A         CAN1_SCE_IRQHandler
  294 0000001A         EXTI9_5_IRQHandler
  295 0000001A         TIM1_BRK_IRQHandler
  296 0000001A         TIM1_UP_IRQHandler
  297 0000001A         TIM1_TRG_COM_IRQHandler
  298 0000001A         TIM1_CC_IRQHandler
  299 0000001A         TIM2_IRQHandler
  300 0000001A         TIM3_IRQHandler
  301 0000001A         TIM4_IRQHandler
  302 0000001A         I2C1_EV_IRQHandler
  303 0000001A         I2C1_ER_IRQHandler
  304 0000001A         I2C2_EV_IRQHandler
  305 0000001A         I2C2_ER_IRQHandler
  306 0000001A         SPI1_IRQHandler
  307 0000001A         SPI2_IRQHandler
  308 0000001A         USART1_IRQHandler
  309 0000001A         USART2_IRQHandler
  310 0000001A         USART3_IRQHandler
  311 0000001A         EXTI15_10_IRQHandler
  312 0000001A         RTCAlarm_IRQHandler
  313 0000001A         USBWakeUp_IRQHandler
  314 0000001A         TIM8_BRK_IRQHandler
  315 0000001A         TIM8_UP_IRQHandler
  316 0000001A         TIM8_TRG_COM_IRQHandler
  317 0000001A         TIM8_CC_IRQHandler
  318 0000001A         ADC3_IRQHandler
  319 0000001A         FSMC_IRQHandler
  320 0000001A         SDIO_IRQHandler
  321 0000001A         TIM5_IRQHandler
  322 0000001A         SPI3_IRQHandler
  323 0000001A         UART4_IRQHandler
  324 0000001A         UART5_IRQHandler
  325 0000001A         TIM6_IRQHandler
  326 0000001A         TIM7_IRQHandler
  327 0000001A         DMA2_Channel1_IRQHandler
  328 0000001A         DMA2_Channel2_IRQHandler
  329 0000001A         DMA2_Channel3_IRQHandler
  330 0000001A         DMA2_Channel4_5_IRQHandler
  331 0000001A E7FE            B                .



ARM Macro Assembler    Page 15 


  332 0000001C         
  333 0000001C                 ENDP
  334 0000001C         
  335 0000001C                 ALIGN
  336 0000001C         
  337 0000001C         ;*******************************************************
                       ************************
  338 0000001C         ; User Stack and Heap initialization
  339 0000001C         ;*******************************************************
                       ************************
  340 0000001C                 IF               :DEF:__MICROLIB
  347 0000001C         
  348 0000001C                 IMPORT           __use_two_region_memory
  349 0000001C                 EXPORT           __user_initial_stackheap
  350 0000001C         
  351 0000001C         __user_initial_stackheap
  352 0000001C         
  353 0000001C 4804            LDR              R0, =  Heap_Mem
  354 0000001E 4905            LDR              R1, =(Stack_Mem + Stack_Size)
  355 00000020 4A05            LDR              R2, = (Heap_Mem +  Heap_Size)
  356 00000022 4B06            LDR              R3, = Stack_Mem
  357 00000024 4770            BX               LR
  358 00000026         
  359 00000026 00 00           ALIGN
  360 00000028         
  361 00000028                 ENDIF
  362 00000028         
  363 00000028                 END
              00000000 
              00000000 
              00000000 
              00000400 
              00000200 
              00000000 
Command Line: --debug --xref --cpu=Cortex-M3 --apcs=interwork --depend=..\OBJ\s
tartup_stm32f10x_hd.d -o..\OBJ\startup_stm32f10x_hd.o -IC:\Keil\ARM\INC -IC:\Ke
il\ARM\INC\ST\STM32F10x --list=.\startup_stm32f10x_hd.lst ..\CORE\startup_stm32
f10x_hd.s



ARM Macro Assembler    Page 1 Alphabetic symbol ordering
Relocatable symbols

STACK 00000000

Symbol: STACK
   Definitions
      At line 37 in file ..\CORE\startup_stm32f10x_hd.s
   Uses
      None
Comment: STACK unused
Stack_Mem 00000000

Symbol: Stack_Mem
   Definitions
      At line 38 in file ..\CORE\startup_stm32f10x_hd.s
   Uses
      At line 354 in file ..\CORE\startup_stm32f10x_hd.s
      At line 356 in file ..\CORE\startup_stm32f10x_hd.s

__initial_sp 00000400

Symbol: __initial_sp
   Definitions
      At line 39 in file ..\CORE\startup_stm32f10x_hd.s
   Uses
      At line 69 in file ..\CORE\startup_stm32f10x_hd.s
Comment: __initial_sp used once
3 symbols



ARM Macro Assembler    Page 1 Alphabetic symbol ordering
Relocatable symbols

HEAP 00000000

Symbol: HEAP
   Definitions
      At line 47 in file ..\CORE\startup_stm32f10x_hd.s
   Uses
      None
Comment: HEAP unused
Heap_Mem 00000000

Symbol: Heap_Mem
   Definitions
      At line 49 in file ..\CORE\startup_stm32f10x_hd.s
   Uses
      At line 353 in file ..\CORE\startup_stm32f10x_hd.s
      At line 355 in file ..\CORE\startup_stm32f10x_hd.s

__heap_base 00000000

Symbol: __heap_base
   Definitions
      At line 48 in file ..\CORE\startup_stm32f10x_hd.s
   Uses
      None
Comment: __heap_base unused
__heap_limit 00000200

Symbol: __heap_limit
   Definitions
      At line 50 in file ..\CORE\startup_stm32f10x_hd.s
   Uses
      None
Comment: __heap_limit unused
4 symbols



ARM Macro Assembler    Page 1 Alphabetic symbol ordering
Relocatable symbols

DataSpace 00000000

Symbol: DataSpace
   Definitions
      At line 66 in file ..\CORE\startup_stm32f10x_hd.s
   Uses
      None
Comment: DataSpace unused
RESET 00000000

Symbol: RESET
   Definitions
      At line 57 in file ..\CORE\startup_stm32f10x_hd.s
   Uses
      None
Comment: RESET unused
__Vectors 00000400

Symbol: __Vectors
   Definitions
      At line 69 in file ..\CORE\startup_stm32f10x_hd.s
   Uses
      At line 58 in file ..\CORE\startup_stm32f10x_hd.s
      At line 149 in file ..\CORE\startup_stm32f10x_hd.s

__Vectors_End 00000530

Symbol: __Vectors_End
   Definitions
      At line 147 in file ..\CORE\startup_stm32f10x_hd.s
   Uses
      At line 59 in file ..\CORE\startup_stm32f10x_hd.s
      At line 149 in file ..\CORE\startup_stm32f10x_hd.s

4 symbols



ARM Macro Assembler    Page 1 Alphabetic symbol ordering
Relocatable symbols

.text 00000000

Symbol: .text
   Definitions
      At line 151 in file ..\CORE\startup_stm32f10x_hd.s
   Uses
      None
Comment: .text unused
ADC1_2_IRQHandler 0000001A

Symbol: ADC1_2_IRQHandler
   Definitions
      At line 289 in file ..\CORE\startup_stm32f10x_hd.s
   Uses
      At line 105 in file ..\CORE\startup_stm32f10x_hd.s
      At line 228 in file ..\CORE\startup_stm32f10x_hd.s

ADC3_IRQHandler 0000001A

Symbol: ADC3_IRQHandler
   Definitions
      At line 318 in file ..\CORE\startup_stm32f10x_hd.s
   Uses
      At line 134 in file ..\CORE\startup_stm32f10x_hd.s
      At line 257 in file ..\CORE\startup_stm32f10x_hd.s

BusFault_Handler 0000000E

Symbol: BusFault_Handler
   Definitions
      At line 181 in file ..\CORE\startup_stm32f10x_hd.s
   Uses
      At line 74 in file ..\CORE\startup_stm32f10x_hd.s
      At line 182 in file ..\CORE\startup_stm32f10x_hd.s

CAN1_RX1_IRQHandler 0000001A

Symbol: CAN1_RX1_IRQHandler
   Definitions
      At line 292 in file ..\CORE\startup_stm32f10x_hd.s
   Uses
      At line 108 in file ..\CORE\startup_stm32f10x_hd.s
      At line 231 in file ..\CORE\startup_stm32f10x_hd.s

CAN1_SCE_IRQHandler 0000001A

Symbol: CAN1_SCE_IRQHandler
   Definitions
      At line 293 in file ..\CORE\startup_stm32f10x_hd.s
   Uses
      At line 109 in file ..\CORE\startup_stm32f10x_hd.s
      At line 232 in file ..\CORE\startup_stm32f10x_hd.s

DMA1_Channel1_IRQHandler 0000001A

Symbol: DMA1_Channel1_IRQHandler
   Definitions
      At line 282 in file ..\CORE\startup_stm32f10x_hd.s
   Uses



ARM Macro Assembler    Page 2 Alphabetic symbol ordering
Relocatable symbols

      At line 98 in file ..\CORE\startup_stm32f10x_hd.s
      At line 221 in file ..\CORE\startup_stm32f10x_hd.s

DMA1_Channel2_IRQHandler 0000001A

Symbol: DMA1_Channel2_IRQHandler
   Definitions
      At line 283 in file ..\CORE\startup_stm32f10x_hd.s
   Uses
      At line 99 in file ..\CORE\startup_stm32f10x_hd.s
      At line 222 in file ..\CORE\startup_stm32f10x_hd.s

DMA1_Channel3_IRQHandler 0000001A

Symbol: DMA1_Channel3_IRQHandler
   Definitions
      At line 284 in file ..\CORE\startup_stm32f10x_hd.s
   Uses
      At line 100 in file ..\CORE\startup_stm32f10x_hd.s
      At line 223 in file ..\CORE\startup_stm32f10x_hd.s

DMA1_Channel4_IRQHandler 0000001A

Symbol: DMA1_Channel4_IRQHandler
   Definitions
      At line 285 in file ..\CORE\startup_stm32f10x_hd.s
   Uses
      At line 101 in file ..\CORE\startup_stm32f10x_hd.s
      At line 224 in file ..\CORE\startup_stm32f10x_hd.s

DMA1_Channel5_IRQHandler 0000001A

Symbol: DMA1_Channel5_IRQHandler
   Definitions
      At line 286 in file ..\CORE\startup_stm32f10x_hd.s
   Uses
      At line 102 in file ..\CORE\startup_stm32f10x_hd.s
      At line 225 in file ..\CORE\startup_stm32f10x_hd.s

DMA1_Channel6_IRQHandler 0000001A

Symbol: DMA1_Channel6_IRQHandler
   Definitions
      At line 287 in file ..\CORE\startup_stm32f10x_hd.s
   Uses
      At line 103 in file ..\CORE\startup_stm32f10x_hd.s
      At line 226 in file ..\CORE\startup_stm32f10x_hd.s

DMA1_Channel7_IRQHandler 0000001A

Symbol: DMA1_Channel7_IRQHandler
   Definitions
      At line 288 in file ..\CORE\startup_stm32f10x_hd.s
   Uses
      At line 104 in file ..\CORE\startup_stm32f10x_hd.s
      At line 227 in file ..\CORE\startup_stm32f10x_hd.s

DMA2_Channel1_IRQHandler 0000001A




ARM Macro Assembler    Page 3 Alphabetic symbol ordering
Relocatable symbols

Symbol: DMA2_Channel1_IRQHandler
   Definitions
      At line 327 in file ..\CORE\startup_stm32f10x_hd.s
   Uses
      At line 143 in file ..\CORE\startup_stm32f10x_hd.s
      At line 266 in file ..\CORE\startup_stm32f10x_hd.s

DMA2_Channel2_IRQHandler 0000001A

Symbol: DMA2_Channel2_IRQHandler
   Definitions
      At line 328 in file ..\CORE\startup_stm32f10x_hd.s
   Uses
      At line 144 in file ..\CORE\startup_stm32f10x_hd.s
      At line 267 in file ..\CORE\startup_stm32f10x_hd.s

DMA2_Channel3_IRQHandler 0000001A

Symbol: DMA2_Channel3_IRQHandler
   Definitions
      At line 329 in file ..\CORE\startup_stm32f10x_hd.s
   Uses
      At line 145 in file ..\CORE\startup_stm32f10x_hd.s
      At line 268 in file ..\CORE\startup_stm32f10x_hd.s

DMA2_Channel4_5_IRQHandler 0000001A

Symbol: DMA2_Channel4_5_IRQHandler
   Definitions
      At line 330 in file ..\CORE\startup_stm32f10x_hd.s
   Uses
      At line 146 in file ..\CORE\startup_stm32f10x_hd.s
      At line 269 in file ..\CORE\startup_stm32f10x_hd.s

DebugMon_Handler 00000014

Symbol: DebugMon_Handler
   Definitions
      At line 195 in file ..\CORE\startup_stm32f10x_hd.s
   Uses
      At line 81 in file ..\CORE\startup_stm32f10x_hd.s
      At line 196 in file ..\CORE\startup_stm32f10x_hd.s

Default_Handler 0000001A

Symbol: Default_Handler
   Definitions
      At line 208 in file ..\CORE\startup_stm32f10x_hd.s
   Uses
      None
Comment: Default_Handler unused
EXTI0_IRQHandler 0000001A

Symbol: EXTI0_IRQHandler
   Definitions
      At line 277 in file ..\CORE\startup_stm32f10x_hd.s
   Uses
      At line 93 in file ..\CORE\startup_stm32f10x_hd.s
      At line 216 in file ..\CORE\startup_stm32f10x_hd.s



ARM Macro Assembler    Page 4 Alphabetic symbol ordering
Relocatable symbols


EXTI15_10_IRQHandler 0000001A

Symbol: EXTI15_10_IRQHandler
   Definitions
      At line 311 in file ..\CORE\startup_stm32f10x_hd.s
   Uses
      At line 127 in file ..\CORE\startup_stm32f10x_hd.s
      At line 250 in file ..\CORE\startup_stm32f10x_hd.s

EXTI1_IRQHandler 0000001A

Symbol: EXTI1_IRQHandler
   Definitions
      At line 278 in file ..\CORE\startup_stm32f10x_hd.s
   Uses
      At line 94 in file ..\CORE\startup_stm32f10x_hd.s
      At line 217 in file ..\CORE\startup_stm32f10x_hd.s

EXTI2_IRQHandler 0000001A

Symbol: EXTI2_IRQHandler
   Definitions
      At line 279 in file ..\CORE\startup_stm32f10x_hd.s
   Uses
      At line 95 in file ..\CORE\startup_stm32f10x_hd.s
      At line 218 in file ..\CORE\startup_stm32f10x_hd.s

EXTI3_IRQHandler 0000001A

Symbol: EXTI3_IRQHandler
   Definitions
      At line 280 in file ..\CORE\startup_stm32f10x_hd.s
   Uses
      At line 96 in file ..\CORE\startup_stm32f10x_hd.s
      At line 219 in file ..\CORE\startup_stm32f10x_hd.s

EXTI4_IRQHandler 0000001A

Symbol: EXTI4_IRQHandler
   Definitions
      At line 281 in file ..\CORE\startup_stm32f10x_hd.s
   Uses
      At line 97 in file ..\CORE\startup_stm32f10x_hd.s
      At line 220 in file ..\CORE\startup_stm32f10x_hd.s

EXTI9_5_IRQHandler 0000001A

Symbol: EXTI9_5_IRQHandler
   Definitions
      At line 294 in file ..\CORE\startup_stm32f10x_hd.s
   Uses
      At line 110 in file ..\CORE\startup_stm32f10x_hd.s
      At line 233 in file ..\CORE\startup_stm32f10x_hd.s

FLASH_IRQHandler 0000001A

Symbol: FLASH_IRQHandler
   Definitions



ARM Macro Assembler    Page 5 Alphabetic symbol ordering
Relocatable symbols

      At line 275 in file ..\CORE\startup_stm32f10x_hd.s
   Uses
      At line 91 in file ..\CORE\startup_stm32f10x_hd.s
      At line 214 in file ..\CORE\startup_stm32f10x_hd.s

FSMC_IRQHandler 0000001A

Symbol: FSMC_IRQHandler
   Definitions
      At line 319 in file ..\CORE\startup_stm32f10x_hd.s
   Uses
      At line 135 in file ..\CORE\startup_stm32f10x_hd.s
      At line 258 in file ..\CORE\startup_stm32f10x_hd.s

HardFault_Handler 0000000A

Symbol: HardFault_Handler
   Definitions
      At line 171 in file ..\CORE\startup_stm32f10x_hd.s
   Uses
      At line 72 in file ..\CORE\startup_stm32f10x_hd.s
      At line 172 in file ..\CORE\startup_stm32f10x_hd.s

I2C1_ER_IRQHandler 0000001A

Symbol: I2C1_ER_IRQHandler
   Definitions
      At line 303 in file ..\CORE\startup_stm32f10x_hd.s
   Uses
      At line 119 in file ..\CORE\startup_stm32f10x_hd.s
      At line 242 in file ..\CORE\startup_stm32f10x_hd.s

I2C1_EV_IRQHandler 0000001A

Symbol: I2C1_EV_IRQHandler
   Definitions
      At line 302 in file ..\CORE\startup_stm32f10x_hd.s
   Uses
      At line 118 in file ..\CORE\startup_stm32f10x_hd.s
      At line 241 in file ..\CORE\startup_stm32f10x_hd.s

I2C2_ER_IRQHandler 0000001A

Symbol: I2C2_ER_IRQHandler
   Definitions
      At line 305 in file ..\CORE\startup_stm32f10x_hd.s
   Uses
      At line 121 in file ..\CORE\startup_stm32f10x_hd.s
      At line 244 in file ..\CORE\startup_stm32f10x_hd.s

I2C2_EV_IRQHandler 0000001A

Symbol: I2C2_EV_IRQHandler
   Definitions
      At line 304 in file ..\CORE\startup_stm32f10x_hd.s
   Uses
      At line 120 in file ..\CORE\startup_stm32f10x_hd.s
      At line 243 in file ..\CORE\startup_stm32f10x_hd.s




ARM Macro Assembler    Page 6 Alphabetic symbol ordering
Relocatable symbols

MemManage_Handler 0000000C

Symbol: MemManage_Handler
   Definitions
      At line 176 in file ..\CORE\startup_stm32f10x_hd.s
   Uses
      At line 73 in file ..\CORE\startup_stm32f10x_hd.s
      At line 177 in file ..\CORE\startup_stm32f10x_hd.s

NMI_Handler 00000008

Symbol: NMI_Handler
   Definitions
      At line 166 in file ..\CORE\startup_stm32f10x_hd.s
   Uses
      At line 71 in file ..\CORE\startup_stm32f10x_hd.s
      At line 167 in file ..\CORE\startup_stm32f10x_hd.s

PVD_IRQHandler 0000001A

Symbol: PVD_IRQHandler
   Definitions
      At line 272 in file ..\CORE\startup_stm32f10x_hd.s
   Uses
      At line 88 in file ..\CORE\startup_stm32f10x_hd.s
      At line 211 in file ..\CORE\startup_stm32f10x_hd.s

PendSV_Handler 00000016

Symbol: PendSV_Handler
   Definitions
      At line 199 in file ..\CORE\startup_stm32f10x_hd.s
   Uses
      At line 83 in file ..\CORE\startup_stm32f10x_hd.s
      At line 200 in file ..\CORE\startup_stm32f10x_hd.s

RCC_IRQHandler 0000001A

Symbol: RCC_IRQHandler
   Definitions
      At line 276 in file ..\CORE\startup_stm32f10x_hd.s
   Uses
      At line 92 in file ..\CORE\startup_stm32f10x_hd.s
      At line 215 in file ..\CORE\startup_stm32f10x_hd.s

RTCAlarm_IRQHandler 0000001A

Symbol: RTCAlarm_IRQHandler
   Definitions
      At line 312 in file ..\CORE\startup_stm32f10x_hd.s
   Uses
      At line 128 in file ..\CORE\startup_stm32f10x_hd.s
      At line 251 in file ..\CORE\startup_stm32f10x_hd.s

RTC_IRQHandler 0000001A

Symbol: RTC_IRQHandler
   Definitions
      At line 274 in file ..\CORE\startup_stm32f10x_hd.s



ARM Macro Assembler    Page 7 Alphabetic symbol ordering
Relocatable symbols

   Uses
      At line 90 in file ..\CORE\startup_stm32f10x_hd.s
      At line 213 in file ..\CORE\startup_stm32f10x_hd.s

Reset_Handler 00000000

Symbol: Reset_Handler
   Definitions
      At line 154 in file ..\CORE\startup_stm32f10x_hd.s
   Uses
      At line 70 in file ..\CORE\startup_stm32f10x_hd.s
      At line 155 in file ..\CORE\startup_stm32f10x_hd.s

SDIO_IRQHandler 0000001A

Symbol: SDIO_IRQHandler
   Definitions
      At line 320 in file ..\CORE\startup_stm32f10x_hd.s
   Uses
      At line 136 in file ..\CORE\startup_stm32f10x_hd.s
      At line 259 in file ..\CORE\startup_stm32f10x_hd.s

SPI1_IRQHandler 0000001A

Symbol: SPI1_IRQHandler
   Definitions
      At line 306 in file ..\CORE\startup_stm32f10x_hd.s
   Uses
      At line 122 in file ..\CORE\startup_stm32f10x_hd.s
      At line 245 in file ..\CORE\startup_stm32f10x_hd.s

SPI2_IRQHandler 0000001A

Symbol: SPI2_IRQHandler
   Definitions
      At line 307 in file ..\CORE\startup_stm32f10x_hd.s
   Uses
      At line 123 in file ..\CORE\startup_stm32f10x_hd.s
      At line 246 in file ..\CORE\startup_stm32f10x_hd.s

SPI3_IRQHandler 0000001A

Symbol: SPI3_IRQHandler
   Definitions
      At line 322 in file ..\CORE\startup_stm32f10x_hd.s
   Uses
      At line 138 in file ..\CORE\startup_stm32f10x_hd.s
      At line 261 in file ..\CORE\startup_stm32f10x_hd.s

SVC_Handler 00000012

Symbol: SVC_Handler
   Definitions
      At line 190 in file ..\CORE\startup_stm32f10x_hd.s
   Uses
      At line 80 in file ..\CORE\startup_stm32f10x_hd.s
      At line 191 in file ..\CORE\startup_stm32f10x_hd.s

SysTick_Handler 00000018



ARM Macro Assembler    Page 8 Alphabetic symbol ordering
Relocatable symbols


Symbol: SysTick_Handler
   Definitions
      At line 203 in file ..\CORE\startup_stm32f10x_hd.s
   Uses
      At line 84 in file ..\CORE\startup_stm32f10x_hd.s
      At line 204 in file ..\CORE\startup_stm32f10x_hd.s

TAMPER_IRQHandler 0000001A

Symbol: TAMPER_IRQHandler
   Definitions
      At line 273 in file ..\CORE\startup_stm32f10x_hd.s
   Uses
      At line 89 in file ..\CORE\startup_stm32f10x_hd.s
      At line 212 in file ..\CORE\startup_stm32f10x_hd.s

TIM1_BRK_IRQHandler 0000001A

Symbol: TIM1_BRK_IRQHandler
   Definitions
      At line 295 in file ..\CORE\startup_stm32f10x_hd.s
   Uses
      At line 111 in file ..\CORE\startup_stm32f10x_hd.s
      At line 234 in file ..\CORE\startup_stm32f10x_hd.s

TIM1_CC_IRQHandler 0000001A

Symbol: TIM1_CC_IRQHandler
   Definitions
      At line 298 in file ..\CORE\startup_stm32f10x_hd.s
   Uses
      At line 114 in file ..\CORE\startup_stm32f10x_hd.s
      At line 237 in file ..\CORE\startup_stm32f10x_hd.s

TIM1_TRG_COM_IRQHandler 0000001A

Symbol: TIM1_TRG_COM_IRQHandler
   Definitions
      At line 297 in file ..\CORE\startup_stm32f10x_hd.s
   Uses
      At line 113 in file ..\CORE\startup_stm32f10x_hd.s
      At line 236 in file ..\CORE\startup_stm32f10x_hd.s

TIM1_UP_IRQHandler 0000001A

Symbol: TIM1_UP_IRQHandler
   Definitions
      At line 296 in file ..\CORE\startup_stm32f10x_hd.s
   Uses
      At line 112 in file ..\CORE\startup_stm32f10x_hd.s
      At line 235 in file ..\CORE\startup_stm32f10x_hd.s

TIM2_IRQHandler 0000001A

Symbol: TIM2_IRQHandler
   Definitions
      At line 299 in file ..\CORE\startup_stm32f10x_hd.s
   Uses



ARM Macro Assembler    Page 9 Alphabetic symbol ordering
Relocatable symbols

      At line 115 in file ..\CORE\startup_stm32f10x_hd.s
      At line 238 in file ..\CORE\startup_stm32f10x_hd.s

TIM3_IRQHandler 0000001A

Symbol: TIM3_IRQHandler
   Definitions
      At line 300 in file ..\CORE\startup_stm32f10x_hd.s
   Uses
      At line 116 in file ..\CORE\startup_stm32f10x_hd.s
      At line 239 in file ..\CORE\startup_stm32f10x_hd.s

TIM4_IRQHandler 0000001A

Symbol: TIM4_IRQHandler
   Definitions
      At line 301 in file ..\CORE\startup_stm32f10x_hd.s
   Uses
      At line 117 in file ..\CORE\startup_stm32f10x_hd.s
      At line 240 in file ..\CORE\startup_stm32f10x_hd.s

TIM5_IRQHandler 0000001A

Symbol: TIM5_IRQHandler
   Definitions
      At line 321 in file ..\CORE\startup_stm32f10x_hd.s
   Uses
      At line 137 in file ..\CORE\startup_stm32f10x_hd.s
      At line 260 in file ..\CORE\startup_stm32f10x_hd.s

TIM6_IRQHandler 0000001A

Symbol: TIM6_IRQHandler
   Definitions
      At line 325 in file ..\CORE\startup_stm32f10x_hd.s
   Uses
      At line 141 in file ..\CORE\startup_stm32f10x_hd.s
      At line 264 in file ..\CORE\startup_stm32f10x_hd.s

TIM7_IRQHandler 0000001A

Symbol: TIM7_IRQHandler
   Definitions
      At line 326 in file ..\CORE\startup_stm32f10x_hd.s
   Uses
      At line 142 in file ..\CORE\startup_stm32f10x_hd.s
      At line 265 in file ..\CORE\startup_stm32f10x_hd.s

TIM8_BRK_IRQHandler 0000001A

Symbol: TIM8_BRK_IRQHandler
   Definitions
      At line 314 in file ..\CORE\startup_stm32f10x_hd.s
   Uses
      At line 130 in file ..\CORE\startup_stm32f10x_hd.s
      At line 253 in file ..\CORE\startup_stm32f10x_hd.s

TIM8_CC_IRQHandler 0000001A




ARM Macro Assembler    Page 10 Alphabetic symbol ordering
Relocatable symbols

Symbol: TIM8_CC_IRQHandler
   Definitions
      At line 317 in file ..\CORE\startup_stm32f10x_hd.s
   Uses
      At line 133 in file ..\CORE\startup_stm32f10x_hd.s
      At line 256 in file ..\CORE\startup_stm32f10x_hd.s

TIM8_TRG_COM_IRQHandler 0000001A

Symbol: TIM8_TRG_COM_IRQHandler
   Definitions
      At line 316 in file ..\CORE\startup_stm32f10x_hd.s
   Uses
      At line 132 in file ..\CORE\startup_stm32f10x_hd.s
      At line 255 in file ..\CORE\startup_stm32f10x_hd.s

TIM8_UP_IRQHandler 0000001A

Symbol: TIM8_UP_IRQHandler
   Definitions
      At line 315 in file ..\CORE\startup_stm32f10x_hd.s
   Uses
      At line 131 in file ..\CORE\startup_stm32f10x_hd.s
      At line 254 in file ..\CORE\startup_stm32f10x_hd.s

UART4_IRQHandler 0000001A

Symbol: UART4_IRQHandler
   Definitions
      At line 323 in file ..\CORE\startup_stm32f10x_hd.s
   Uses
      At line 139 in file ..\CORE\startup_stm32f10x_hd.s
      At line 262 in file ..\CORE\startup_stm32f10x_hd.s

UART5_IRQHandler 0000001A

Symbol: UART5_IRQHandler
   Definitions
      At line 324 in file ..\CORE\startup_stm32f10x_hd.s
   Uses
      At line 140 in file ..\CORE\startup_stm32f10x_hd.s
      At line 263 in file ..\CORE\startup_stm32f10x_hd.s

USART1_IRQHandler 0000001A

Symbol: USART1_IRQHandler
   Definitions
      At line 308 in file ..\CORE\startup_stm32f10x_hd.s
   Uses
      At line 124 in file ..\CORE\startup_stm32f10x_hd.s
      At line 247 in file ..\CORE\startup_stm32f10x_hd.s

USART2_IRQHandler 0000001A

Symbol: USART2_IRQHandler
   Definitions
      At line 309 in file ..\CORE\startup_stm32f10x_hd.s
   Uses
      At line 125 in file ..\CORE\startup_stm32f10x_hd.s



ARM Macro Assembler    Page 11 Alphabetic symbol ordering
Relocatable symbols

      At line 248 in file ..\CORE\startup_stm32f10x_hd.s

USART3_IRQHandler 0000001A

Symbol: USART3_IRQHandler
   Definitions
      At line 310 in file ..\CORE\startup_stm32f10x_hd.s
   Uses
      At line 126 in file ..\CORE\startup_stm32f10x_hd.s
      At line 249 in file ..\CORE\startup_stm32f10x_hd.s

USBWakeUp_IRQHandler 0000001A

Symbol: USBWakeUp_IRQHandler
   Definitions
      At line 313 in file ..\CORE\startup_stm32f10x_hd.s
   Uses
      At line 129 in file ..\CORE\startup_stm32f10x_hd.s
      At line 252 in file ..\CORE\startup_stm32f10x_hd.s

USB_HP_CAN1_TX_IRQHandler 0000001A

Symbol: USB_HP_CAN1_TX_IRQHandler
   Definitions
      At line 290 in file ..\CORE\startup_stm32f10x_hd.s
   Uses
      At line 106 in file ..\CORE\startup_stm32f10x_hd.s
      At line 229 in file ..\CORE\startup_stm32f10x_hd.s

USB_LP_CAN1_RX0_IRQHandler 0000001A

Symbol: USB_LP_CAN1_RX0_IRQHandler
   Definitions
      At line 291 in file ..\CORE\startup_stm32f10x_hd.s
   Uses
      At line 107 in file ..\CORE\startup_stm32f10x_hd.s
      At line 230 in file ..\CORE\startup_stm32f10x_hd.s

UsageFault_Handler 00000010

Symbol: UsageFault_Handler
   Definitions
      At line 186 in file ..\CORE\startup_stm32f10x_hd.s
   Uses
      At line 75 in file ..\CORE\startup_stm32f10x_hd.s
      At line 187 in file ..\CORE\startup_stm32f10x_hd.s

WWDG_IRQHandler 0000001A

Symbol: WWDG_IRQHandler
   Definitions
      At line 271 in file ..\CORE\startup_stm32f10x_hd.s
   Uses
      At line 87 in file ..\CORE\startup_stm32f10x_hd.s
      At line 210 in file ..\CORE\startup_stm32f10x_hd.s

__user_initial_stackheap 0000001C

Symbol: __user_initial_stackheap



ARM Macro Assembler    Page 12 Alphabetic symbol ordering
Relocatable symbols

   Definitions
      At line 351 in file ..\CORE\startup_stm32f10x_hd.s
   Uses
      At line 349 in file ..\CORE\startup_stm32f10x_hd.s
Comment: __user_initial_stackheap used once
73 symbols



ARM Macro Assembler    Page 1 Alphabetic symbol ordering
Absolute symbols

Heap_Size 00000200

Symbol: Heap_Size
   Definitions
      At line 45 in file ..\CORE\startup_stm32f10x_hd.s
   Uses
      At line 49 in file ..\CORE\startup_stm32f10x_hd.s
      At line 355 in file ..\CORE\startup_stm32f10x_hd.s

Stack_Size 00000400

Symbol: Stack_Size
   Definitions
      At line 35 in file ..\CORE\startup_stm32f10x_hd.s
   Uses
      At line 38 in file ..\CORE\startup_stm32f10x_hd.s
      At line 354 in file ..\CORE\startup_stm32f10x_hd.s

__Vectors_Size 00000130

Symbol: __Vectors_Size
   Definitions
      At line 149 in file ..\CORE\startup_stm32f10x_hd.s
   Uses
      At line 60 in file ..\CORE\startup_stm32f10x_hd.s
Comment: __Vectors_Size used once
3 symbols



ARM Macro Assembler    Page 1 Alphabetic symbol ordering
External symbols

SystemInit 00000000

Symbol: SystemInit
   Definitions
      At line 157 in file ..\CORE\startup_stm32f10x_hd.s
   Uses
      At line 158 in file ..\CORE\startup_stm32f10x_hd.s
Comment: SystemInit used once
__main 00000000

Symbol: __main
   Definitions
      At line 156 in file ..\CORE\startup_stm32f10x_hd.s
   Uses
      At line 160 in file ..\CORE\startup_stm32f10x_hd.s
Comment: __main used once
__use_two_region_memory 00000000

Symbol: __use_two_region_memory
   Definitions
      At line 348 in file ..\CORE\startup_stm32f10x_hd.s
   Uses
      None
Comment: __use_two_region_memory unused
3 symbols
417 symbols in table
